<?xml version="1.0" encoding="UTF-8"?>
<!-- Generated by org.testng.reporters.JUnitReportReporter -->
<testsuite name="com.testScriptSample.Login" tests="2" time="66.781" ignored="2" failures="0" timestamp="23 Jul 2017 09:42:33 GMT" skipped="0" hostname="BLR2DEVLP0932" errors="0">
  <testcase name="invalidLoginScenario" time="53.072" classname="com.testScriptSample.Login"/>
  <testcase name="validLoginScenario" time="13.709" classname="com.testScriptSample.Login"/>
  <testcase name="intializeSuite" classname="com.genericlibrary.BaseClass">
    <skipped/>
  </testcase> <!-- intializeSuite -->
  <testcase name="endSuite" classname="com.genericlibrary.BaseClass">
    <skipped/>
  </testcase> <!-- endSuite -->
</testsuite> <!-- com.testScriptSample.Login -->
